{"contracts\\Voting.sol":{"l":{"35":114,"36":114,"41":41,"42":39,"46":12,"47":11,"48":10,"49":9,"50":8,"51":7,"52":6,"56":33,"57":32,"58":31,"59":30,"61":29,"62":59,"63":58,"64":58,"67":29,"68":29,"72":6,"73":6,"74":6,"78":51,"82":46,"83":33,"84":13,"88":9,"89":8,"90":1,"94":70,"95":60,"96":10,"100":3,"104":2,"105":2,"106":4,"110":4,"111":3,"112":2,"113":2,"118":9,"119":9,"120":9,"121":18,"122":18,"123":5,"124":5,"127":8,"130":9,"131":5,"132":5,"133":5,"134":10,"135":5,"136":5,"144":2,"148":20,"149":11,"150":9,"151":2,"153":7,"154":7,"155":7,"156":3,"158":4,"159":4,"160":4,"161":4,"163":4,"164":4,"168":9,"172":1,"176":1,"180":1,"184":1},"path":"C:\\Users\\Acer\\Desktop\\Crypton\\contracts\\Voting.sol","s":{"1":114,"2":114,"3":41,"4":12,"5":11,"6":10,"7":9,"8":8,"9":7,"10":33,"11":32,"12":31,"13":30,"14":29,"15":59,"16":58,"17":58,"18":29,"19":29,"20":6,"21":51,"22":46,"23":33,"24":13,"25":9,"26":8,"27":1,"28":70,"29":60,"30":10,"31":3,"32":2,"33":2,"34":4,"35":4,"36":3,"37":2,"38":2,"39":9,"40":9,"41":9,"42":18,"43":18,"44":5,"45":5,"46":13,"47":9,"48":5,"49":5,"50":5,"51":10,"52":5,"53":2,"54":20,"55":11,"56":9,"57":2,"58":7,"59":7,"60":7,"61":3,"62":4,"63":4,"64":4,"65":4,"66":4,"67":4,"68":9,"69":1,"70":1,"71":1,"72":1},"b":{"1":[39,2],"2":[11,1],"3":[10,1],"4":[9,1],"5":[8,1],"6":[7,1],"7":[6,1],"8":[32,1],"9":[31,1],"10":[30,1],"11":[29,1],"12":[58,1],"13":[33,13],"14":[8,1],"15":[60,10],"16":[3,1],"17":[2,1],"18":[5,13],"19":[8,5],"20":[5,4],"21":[5,5],"22":[11,9],"23":[2,7],"24":[3,4],"25":[6,3]},"f":{"1":114,"2":41,"3":12,"4":33,"5":6,"6":51,"7":46,"8":9,"9":70,"10":3,"11":2,"12":4,"13":9,"14":2,"15":20,"16":9,"17":1,"18":1,"19":1,"20":1},"fnMap":{"1":{"name":"constructor","line":34,"loc":{"start":{"line":34,"column":4},"end":{"line":37,"column":4}}},"2":{"name":"isOwner","line":40,"loc":{"start":{"line":40,"column":4},"end":{"line":43,"column":4}}},"3":{"name":"canVote","line":45,"loc":{"start":{"line":45,"column":4},"end":{"line":53,"column":4}}},"4":{"name":"addVote","line":55,"loc":{"start":{"line":55,"column":4},"end":{"line":69,"column":4}}},"5":{"name":"vote","line":71,"loc":{"start":{"line":71,"column":4},"end":{"line":75,"column":4}}},"6":{"name":"currentTime","line":77,"loc":{"start":{"line":77,"column":4},"end":{"line":79,"column":4}}},"7":{"name":"checkVoting","line":81,"loc":{"start":{"line":81,"column":4},"end":{"line":85,"column":4}}},"8":{"name":"checkVote","line":87,"loc":{"start":{"line":87,"column":4},"end":{"line":91,"column":4}}},"9":{"name":"checkCandidate","line":93,"loc":{"start":{"line":93,"column":4},"end":{"line":97,"column":4}}},"10":{"name":"getCandidate","line":99,"loc":{"start":{"line":99,"column":4},"end":{"line":101,"column":4}}},"11":{"name":"getVotingCandidates","line":103,"loc":{"start":{"line":103,"column":4},"end":{"line":107,"column":4}}},"12":{"name":"withdraw","line":109,"loc":{"start":{"line":109,"column":4},"end":{"line":114,"column":4}}},"13":{"name":"winners","line":117,"loc":{"start":{"line":117,"column":4},"end":{"line":141,"column":4}}},"14":{"name":"getWinners","line":143,"loc":{"start":{"line":143,"column":4},"end":{"line":145,"column":4}}},"15":{"name":"checkFinishVoting","line":147,"loc":{"start":{"line":147,"column":4},"end":{"line":165,"column":4}}},"16":{"name":"finishVote","line":167,"loc":{"start":{"line":167,"column":4},"end":{"line":169,"column":4}}},"17":{"name":"getBalance","line":171,"loc":{"start":{"line":171,"column":4},"end":{"line":173,"column":4}}},"18":{"name":"getFreeBalance","line":175,"loc":{"start":{"line":175,"column":4},"end":{"line":177,"column":4}}},"19":{"name":"getTimeLeft","line":179,"loc":{"start":{"line":179,"column":4},"end":{"line":181,"column":4}}},"20":{"name":"destruct","line":183,"loc":{"start":{"line":183,"column":4},"end":{"line":185,"column":4}}}},"statementMap":{"1":{"start":{"line":35,"column":8},"end":{"line":35,"column":25}},"2":{"start":{"line":36,"column":8},"end":{"line":36,"column":35}},"3":{"start":{"line":41,"column":8},"end":{"line":41,"column":60}},"4":{"start":{"line":46,"column":8},"end":{"line":46,"column":58}},"5":{"start":{"line":47,"column":8},"end":{"line":47,"column":68}},"6":{"start":{"line":48,"column":8},"end":{"line":48,"column":80}},"7":{"start":{"line":49,"column":8},"end":{"line":49,"column":119}},"8":{"start":{"line":50,"column":8},"end":{"line":50,"column":77}},"9":{"start":{"line":51,"column":8},"end":{"line":51,"column":87}},"10":{"start":{"line":56,"column":8},"end":{"line":56,"column":83}},"11":{"start":{"line":57,"column":8},"end":{"line":57,"column":64}},"12":{"start":{"line":58,"column":8},"end":{"line":58,"column":85}},"13":{"start":{"line":59,"column":8},"end":{"line":59,"column":105}},"14":{"start":{"line":61,"column":8},"end":{"line":61,"column":2280}},"15":{"start":{"line":62,"column":12},"end":{"line":62,"column":2353}},"16":{"start":{"line":63,"column":16},"end":{"line":63,"column":104}},"17":{"start":{"line":64,"column":16},"end":{"line":64,"column":71}},"18":{"start":{"line":67,"column":8},"end":{"line":67,"column":35}},"19":{"start":{"line":68,"column":8},"end":{"line":68,"column":68}},"20":{"start":{"line":73,"column":8},"end":{"line":73,"column":57}},"21":{"start":{"line":78,"column":8},"end":{"line":78,"column":30}},"22":{"start":{"line":82,"column":8},"end":{"line":82,"column":3225}},"23":{"start":{"line":83,"column":12},"end":{"line":83,"column":24}},"24":{"start":{"line":84,"column":8},"end":{"line":84,"column":19}},"25":{"start":{"line":88,"column":8},"end":{"line":88,"column":3415}},"26":{"start":{"line":89,"column":12},"end":{"line":89,"column":24}},"27":{"start":{"line":90,"column":8},"end":{"line":90,"column":19}},"28":{"start":{"line":94,"column":8},"end":{"line":94,"column":3617}},"29":{"start":{"line":95,"column":12},"end":{"line":95,"column":24}},"30":{"start":{"line":96,"column":8},"end":{"line":96,"column":19}},"31":{"start":{"line":100,"column":8},"end":{"line":100,"column":56}},"32":{"start":{"line":104,"column":8},"end":{"line":104,"column":75}},"33":{"start":{"line":105,"column":8},"end":{"line":105,"column":4178}},"34":{"start":{"line":106,"column":12},"end":{"line":106,"column":88}},"35":{"start":{"line":110,"column":8},"end":{"line":110,"column":70}},"36":{"start":{"line":111,"column":8},"end":{"line":111,"column":56}},"37":{"start":{"line":112,"column":8},"end":{"line":112,"column":38}},"38":{"start":{"line":113,"column":8},"end":{"line":113,"column":36}},"39":{"start":{"line":118,"column":8},"end":{"line":118,"column":19}},"40":{"start":{"line":119,"column":8},"end":{"line":119,"column":23}},"41":{"start":{"line":120,"column":8},"end":{"line":120,"column":4742}},"42":{"start":{"line":121,"column":12},"end":{"line":121,"column":93}},"43":{"start":{"line":122,"column":12},"end":{"line":122,"column":4932}},"44":{"start":{"line":123,"column":16},"end":{"line":123,"column":26}},"45":{"start":{"line":124,"column":16},"end":{"line":124,"column":25}},"46":{"start":{"line":126,"column":17},"end":{"line":126,"column":5039}},"47":{"start":{"line":130,"column":8},"end":{"line":130,"column":5086}},"48":{"start":{"line":131,"column":12},"end":{"line":131,"column":43}},"49":{"start":{"line":132,"column":12},"end":{"line":132,"column":23}},"50":{"start":{"line":133,"column":12},"end":{"line":133,"column":5211}},"51":{"start":{"line":134,"column":16},"end":{"line":134,"column":5298}},"52":{"start":{"line":135,"column":20},"end":{"line":135,"column":115}},"53":{"start":{"line":144,"column":8},"end":{"line":144,"column":34}},"54":{"start":{"line":148,"column":8},"end":{"line":148,"column":5832}},"55":{"start":{"line":149,"column":12},"end":{"line":149,"column":24}},"56":{"start":{"line":150,"column":8},"end":{"line":150,"column":5918}},"57":{"start":{"line":151,"column":12},"end":{"line":151,"column":24}},"58":{"start":{"line":153,"column":8},"end":{"line":153,"column":36}},"59":{"start":{"line":154,"column":8},"end":{"line":154,"column":55}},"60":{"start":{"line":155,"column":8},"end":{"line":155,"column":6084}},"61":{"start":{"line":156,"column":12},"end":{"line":156,"column":23}},"62":{"start":{"line":158,"column":8},"end":{"line":158,"column":111}},"63":{"start":{"line":159,"column":8},"end":{"line":159,"column":6254}},"64":{"start":{"line":160,"column":12},"end":{"line":160,"column":62}},"65":{"start":{"line":161,"column":12},"end":{"line":161,"column":54}},"66":{"start":{"line":163,"column":8},"end":{"line":163,"column":77}},"67":{"start":{"line":164,"column":8},"end":{"line":164,"column":19}},"68":{"start":{"line":168,"column":8},"end":{"line":168,"column":72}},"69":{"start":{"line":172,"column":8},"end":{"line":172,"column":36}},"70":{"start":{"line":176,"column":8},"end":{"line":176,"column":26}},"71":{"start":{"line":180,"column":8},"end":{"line":180,"column":66}},"72":{"start":{"line":184,"column":8},"end":{"line":184,"column":35}}},"branchMap":{"1":{"line":41,"type":"if","locations":[{"start":{"line":41,"column":8},"end":{"line":41,"column":8}},{"start":{"line":41,"column":8},"end":{"line":41,"column":8}}]},"2":{"line":46,"type":"if","locations":[{"start":{"line":46,"column":8},"end":{"line":46,"column":8}},{"start":{"line":46,"column":8},"end":{"line":46,"column":8}}]},"3":{"line":47,"type":"if","locations":[{"start":{"line":47,"column":8},"end":{"line":47,"column":8}},{"start":{"line":47,"column":8},"end":{"line":47,"column":8}}]},"4":{"line":48,"type":"if","locations":[{"start":{"line":48,"column":8},"end":{"line":48,"column":8}},{"start":{"line":48,"column":8},"end":{"line":48,"column":8}}]},"5":{"line":49,"type":"if","locations":[{"start":{"line":49,"column":8},"end":{"line":49,"column":8}},{"start":{"line":49,"column":8},"end":{"line":49,"column":8}}]},"6":{"line":50,"type":"if","locations":[{"start":{"line":50,"column":8},"end":{"line":50,"column":8}},{"start":{"line":50,"column":8},"end":{"line":50,"column":8}}]},"7":{"line":51,"type":"if","locations":[{"start":{"line":51,"column":8},"end":{"line":51,"column":8}},{"start":{"line":51,"column":8},"end":{"line":51,"column":8}}]},"8":{"line":56,"type":"if","locations":[{"start":{"line":56,"column":8},"end":{"line":56,"column":8}},{"start":{"line":56,"column":8},"end":{"line":56,"column":8}}]},"9":{"line":57,"type":"if","locations":[{"start":{"line":57,"column":8},"end":{"line":57,"column":8}},{"start":{"line":57,"column":8},"end":{"line":57,"column":8}}]},"10":{"line":58,"type":"if","locations":[{"start":{"line":58,"column":8},"end":{"line":58,"column":8}},{"start":{"line":58,"column":8},"end":{"line":58,"column":8}}]},"11":{"line":59,"type":"if","locations":[{"start":{"line":59,"column":8},"end":{"line":59,"column":8}},{"start":{"line":59,"column":8},"end":{"line":59,"column":8}}]},"12":{"line":62,"type":"if","locations":[{"start":{"line":62,"column":12},"end":{"line":62,"column":12}},{"start":{"line":62,"column":12},"end":{"line":62,"column":12}}]},"13":{"line":82,"type":"if","locations":[{"start":{"line":82,"column":8},"end":{"line":82,"column":8}},{"start":{"line":82,"column":8},"end":{"line":82,"column":8}}]},"14":{"line":88,"type":"if","locations":[{"start":{"line":88,"column":8},"end":{"line":88,"column":8}},{"start":{"line":88,"column":8},"end":{"line":88,"column":8}}]},"15":{"line":94,"type":"if","locations":[{"start":{"line":94,"column":8},"end":{"line":94,"column":8}},{"start":{"line":94,"column":8},"end":{"line":94,"column":8}}]},"16":{"line":110,"type":"if","locations":[{"start":{"line":110,"column":8},"end":{"line":110,"column":8}},{"start":{"line":110,"column":8},"end":{"line":110,"column":8}}]},"17":{"line":111,"type":"if","locations":[{"start":{"line":111,"column":8},"end":{"line":111,"column":8}},{"start":{"line":111,"column":8},"end":{"line":111,"column":8}}]},"18":{"line":122,"type":"if","locations":[{"start":{"line":122,"column":12},"end":{"line":122,"column":12}},{"start":{"line":122,"column":12},"end":{"line":122,"column":12}}]},"19":{"line":126,"type":"if","locations":[{"start":{"line":126,"column":17},"end":{"line":126,"column":17}},{"start":{"line":126,"column":17},"end":{"line":126,"column":17}}]},"20":{"line":130,"type":"if","locations":[{"start":{"line":130,"column":8},"end":{"line":130,"column":8}},{"start":{"line":130,"column":8},"end":{"line":130,"column":8}}]},"21":{"line":134,"type":"if","locations":[{"start":{"line":134,"column":16},"end":{"line":134,"column":16}},{"start":{"line":134,"column":16},"end":{"line":134,"column":16}}]},"22":{"line":148,"type":"if","locations":[{"start":{"line":148,"column":8},"end":{"line":148,"column":8}},{"start":{"line":148,"column":8},"end":{"line":148,"column":8}}]},"23":{"line":150,"type":"if","locations":[{"start":{"line":150,"column":8},"end":{"line":150,"column":8}},{"start":{"line":150,"column":8},"end":{"line":150,"column":8}}]},"24":{"line":155,"type":"if","locations":[{"start":{"line":155,"column":8},"end":{"line":155,"column":8}},{"start":{"line":155,"column":8},"end":{"line":155,"column":8}}]},"25":{"line":168,"type":"if","locations":[{"start":{"line":168,"column":8},"end":{"line":168,"column":8}},{"start":{"line":168,"column":8},"end":{"line":168,"column":8}}]}}}}